rm -f lab5_*
nvcc -g -G -O0 -lcublas -lcurand -DTYPE_COMPLEX -DTRANSPOSE_A=1 -DTRANSPOSE_B=1 -DN=60 -o lab5_60 main.cu
nvcc warning : The 'compute_20', 'sm_20', and 'sm_21' architectures are deprecated, and may be removed in a future release (Use -Wno-deprecated-gpu-targets to suppress warning).
main.cu(211): warning: reference is to variable "i"
(160): here -- under old for-init scoping rules it would have been variable "i"
(184): here

main.cu(241): warning: reference is to variable "i"
(160): here -- under old for-init scoping rules it would have been variable "i"
(184): here

main.cu(211): warning: reference is to variable "i"
(160): here -- under old for-init scoping rules it would have been variable "i"
(184): here

main.cu(241): warning: reference is to variable "i"
(160): here -- under old for-init scoping rules it would have been variable "i"
(184): here

main.cu: In function ‘int main()’:
main.cu:211:5: warning: name lookup of ‘i’ changed [enabled by default]
   if(i == 19)
     ^
main.cu:160:10: warning:   matches this ‘i’ under ISO standard rules [enabled by default]
  for (int i = 0; i < 20; ++i)
          ^
main.cu:184:10: warning:   matches this ‘i’ under old rules [enabled by default]
   for (int i = 0; i < nr_rows_A; ++i)
          ^
Type : cuComplex
N : 60
(T, T)
Sequantional multiplication:
(0.78; 28.38) (-1.38; 28.82) (1.01; 25.48) (0.91; 28.29) (-5.69; 26.93) (-0.36; 29.59) 
(0.16; 26.06) (3.76; 29.43) (2.67; 28.26) (-0.36; 29.18) (-2.59; 30.44) (1.04; 30.14) 
(3.06; 28.24) (3.99; 30.41) (3.40; 27.98) (3.66; 29.73) (-1.49; 29.88) (4.48; 29.81) 
(3.95; 26.61) (3.87; 29.67) (5.59; 26.88) (2.10; 27.67) (-0.50; 29.58) (3.65; 28.14) 
(1.21; 28.43) (3.08; 29.49) (0.52; 29.45) (0.28; 30.64) (-3.37; 29.20) (-0.85; 30.44) 
(-0.33; 28.11) (-0.34; 29.34) (-0.06; 27.21) (-1.78; 28.78) (-5.23; 28.98) (0.85; 31.16) 
CuBLAS multiplication:
(0.78; 28.38) (0.16; 26.06) (3.06; 28.24) (3.95; 26.61) (1.21; 28.43) (-0.33; 28.11) 
(-1.38; 28.82) (3.76; 29.43) (3.99; 30.41) (3.87; 29.67) (3.08; 29.49) (-0.34; 29.34) 
(1.01; 25.48) (2.67; 28.26) (3.40; 27.98) (5.59; 26.88) (0.52; 29.45) (-0.06; 27.21) 
(0.91; 28.29) (-0.36; 29.18) (3.66; 29.73) (2.10; 27.67) (0.28; 30.64) (-1.78; 28.78) 
(-5.69; 26.93) (-2.59; 30.44) (-1.49; 29.88) (-0.50; 29.58) (-3.37; 29.20) (-5.23; 28.98) 
(-0.36; 29.59) (1.04; 30.14) (4.48; 29.81) (3.65; 28.14) (-0.85; 30.44) (0.85; 31.16) 
Matrix creation on host time : 0.000321
Matrix creation on device time: 0.023742
Sequantional time: 0.014418
Transfer time: 0.000047
CuBLAS time: 0.006030
Speedup (without transfer): 2.390894
Speedup (with creation on host and transfer): 0.443803
Speedup (with creation on device): 2.064987
