Type: double
K: 3
N: 6300000
Threads count: [3,9,12]
Q: 26
Sequational sum : [3.000000, 3.000000... 3.000000, 3.000000]
Static sum : [3.000000, 3.000000... 3.000000, 3.000000]
Dynamic sum : [3.000000, 3.000000... 3.000000, 3.000000]
Guided sum : [3.000000, 3.000000... 3.000000, 3.000000]
Sequential time: 0.035779
Parallel initialization time: 0.000127
Parallel time (static): 0.016050
Parallel time (dynamic): 0.015185
Parallel time (guided): 0.015356
Speedup (static with init): 2.211764
Speedup (dynamic with init): 2.336633
Speedup (guided with init): 2.310786
Speedup (static without init): 2.229283
Speedup (dynamic without init): 2.356194
Speedup (guided without init): 2.329915
