Type: double
K: 3
N: 6300000
Threads count: [3,9,12]
Q: 26
Sequational sum : [3.000000, 3.000000... 3.000000, 3.000000]
Static sum : [3.000000, 3.000000... 3.000000, 3.000000]
Dynamic sum : [3.000000, 3.000000... 3.000000, 3.000000]
Guided sum : [3.000000, 3.000000... 3.000000, 3.000000]
Sequential time: 0.763342
Parallel initialization time: 0.000138
Parallel time (static): 0.142510
Parallel time (dynamic): 0.116481
Parallel time (guided): 0.108583
Speedup (static with init): 5.351203
Speedup (dynamic with init): 6.545569
Speedup (guided with init): 7.021082
Speedup (static without init): 5.356395
Speedup (dynamic without init): 6.553340
Speedup (guided without init): 7.030024
